<?xml version="1.0" encoding="UTF-8"?>
<!-- Generated by org.testng.reporters.JUnitXMLReporter -->
<testsuite ignored="0" hostname="DESKTOP-UB7KQ0Q" failures="1" tests="4" name="Ninja Selenium Tests" time="17.357" errors="0" timestamp="2024-04-30T16:09:48 IST">
  <testcase classname="com.ninjaproject.qa.test.Login" name="verifyValidEmailAndPassword" time="0.0">
    <failure type="java.lang.RuntimeException" message="java.lang.NullPointerException: Cannot invoke &amp;quot;org.apache.poi.xssf.usermodel.XSSFWorkbook.createSheet(String)&amp;quot; because &amp;quot;workbook&amp;quot; is null">
      <![CDATA[java.lang.RuntimeException: java.lang.NullPointerException: Cannot invoke "org.apache.poi.xssf.usermodel.XSSFWorkbook.createSheet(String)" because "workbook" is null
at java.base/java.util.ArrayList.forEach(ArrayList.java:1511)
Caused by: java.lang.NullPointerException: Cannot invoke "org.apache.poi.xssf.usermodel.XSSFWorkbook.createSheet(String)" because "workbook" is null
at com.ninjaselenium.qa.util.Utilities.getTestDataFromExcel(Utilities.java:40)
at com.ninjaproject.qa.test.Login.supplyTestData(Login.java:101)
... 25 more
... Removed 32 stack frames]]>
    </failure>
  </testcase> <!-- verifyValidEmailAndPassword -->
  <testcase classname="com.ninjaproject.qa.test.Login" name="verifyInvalidEmailAndPassword" time="0.983"/>
  <testcase classname="com.ninjaproject.qa.test.Login" name="verifyLogout" time="2.032"/>
  <testcase classname="com.ninjaproject.qa.test.Search" name="verifySearchWithExistsKeywords" time="0.885"/>
</testsuite> <!-- Ninja Selenium Tests -->
