<?xml version="1.0" encoding="UTF-8"?>
<!-- Generated by org.testng.reporters.JUnitXMLReporter -->
<testsuite ignored="0" hostname="DESKTOP-UB7KQ0Q" failures="0" tests="5" name="Test" time="60.438" errors="0" timestamp="2024-05-21T11:00:22 IST">
  <testcase classname="com.ninjaproject.qa.test.Login" name="verifyValidEmailAndPassword" time="2.097"/>
  <testcase classname="com.ninjaproject.qa.test.Login" name="verifyInvalidEmailAndPassword" time="1.003"/>
  <testcase classname="com.ninjaproject.qa.test.Login" name="verifyLogout" time="3.723"/>
  <testcase classname="com.ninjaproject.qa.test.AllenDigitalLogin" name="verifyWithValidCredentials" time="6.779"/>
  <testcase classname="com.ninjaproject.qa.test.Search" name="verifySearchWithExistsKeywords" time="1.392"/>
</testsuite> <!-- Test -->
