<?xml version="1.0" encoding="UTF-8"?>
<!-- Generated by org.testng.reporters.JUnitXMLReporter -->
<testsuite ignored="0" hostname="DESKTOP-UB7KQ0Q" failures="0" tests="4" name="Test Suit" time="36.424" errors="0" timestamp="2024-09-25T17:18:59 IST">
  <testcase classname="com.ninjaproject.qa.test.Login" name="verifyValidEmailAndPassword" time="1.646"/>
  <testcase classname="com.ninjaproject.qa.test.Login" name="verifyInvalidEmailAndPassword" time="1.293"/>
  <testcase classname="com.ninjaproject.qa.test.Login" name="verifyLogout" time="2.631"/>
  <testcase classname="com.ninjaproject.qa.test.AllenDigitalLogin" name="verifyWithValidCredentials" time="7.526"/>
</testsuite> <!-- Test Suit -->
