<?xml version="1.0" encoding="UTF-8"?>
<testng-results ignored="0" total="4" passed="4" failed="0" skipped="0">
  <reporter-output>
  </reporter-output>
  <suite started-at="2024-09-25T17:18:23 IST" name="Automation Suite" finished-at="2024-09-25T17:18:59 IST" duration-ms="36424">
    <groups>
    </groups>
    <test started-at="2024-09-25T17:18:23 IST" name="Test Suit" finished-at="2024-09-25T17:18:59 IST" duration-ms="36424">
      <class name="com.ninjaproject.qa.test.AllenDigitalLogin">
        <test-method is-config="true" signature="setup()[pri:0, instance:com.ninjaproject.qa.test.AllenDigitalLogin@730d2164]" started-at="2024-09-25T17:18:45 IST" name="setup" finished-at="2024-09-25T17:18:51 IST" duration-ms="6135" status="PASS">
          <reporter-output>
          </reporter-output>
        </test-method> <!-- setup -->
        <test-method signature="verifyWithValidCredentials()[pri:0, instance:com.ninjaproject.qa.test.AllenDigitalLogin@730d2164]" started-at="2024-09-25T17:18:51 IST" name="verifyWithValidCredentials" finished-at="2024-09-25T17:18:59 IST" duration-ms="7526" status="PASS">
          <reporter-output>
          </reporter-output>
        </test-method> <!-- verifyWithValidCredentials -->
        <test-method is-config="true" signature="tearDown()[pri:0, instance:com.ninjaproject.qa.test.AllenDigitalLogin@730d2164]" started-at="2024-09-25T17:18:59 IST" name="tearDown" finished-at="2024-09-25T17:18:59 IST" duration-ms="199" status="PASS">
          <reporter-output>
          </reporter-output>
        </test-method> <!-- tearDown -->
      </class> <!-- com.ninjaproject.qa.test.AllenDigitalLogin -->
      <class name="com.ninjaproject.qa.test.Login">
        <test-method is-config="true" signature="setup()[pri:0, instance:com.ninjaproject.qa.test.Login@46d59067]" started-at="2024-09-25T17:18:23 IST" name="setup" finished-at="2024-09-25T17:18:30 IST" duration-ms="6752" status="PASS">
          <reporter-output>
          </reporter-output>
        </test-method> <!-- setup -->
        <test-method signature="verifyValidEmailAndPassword()[pri:1, instance:com.ninjaproject.qa.test.Login@46d59067]" started-at="2024-09-25T17:18:30 IST" name="verifyValidEmailAndPassword" finished-at="2024-09-25T17:18:31 IST" duration-ms="1646" status="PASS">
          <reporter-output>
          </reporter-output>
        </test-method> <!-- verifyValidEmailAndPassword -->
        <test-method is-config="true" signature="tearDown()[pri:0, instance:com.ninjaproject.qa.test.Login@46d59067]" started-at="2024-09-25T17:18:31 IST" name="tearDown" finished-at="2024-09-25T17:18:32 IST" duration-ms="253" status="PASS">
          <reporter-output>
          </reporter-output>
        </test-method> <!-- tearDown -->
        <test-method is-config="true" signature="setup()[pri:0, instance:com.ninjaproject.qa.test.Login@46d59067]" started-at="2024-09-25T17:18:32 IST" name="setup" finished-at="2024-09-25T17:18:36 IST" duration-ms="4861" status="PASS">
          <reporter-output>
          </reporter-output>
        </test-method> <!-- setup -->
        <test-method signature="verifyInvalidEmailAndPassword()[pri:2, instance:com.ninjaproject.qa.test.Login@46d59067]" started-at="2024-09-25T17:18:36 IST" name="verifyInvalidEmailAndPassword" finished-at="2024-09-25T17:18:38 IST" duration-ms="1293" status="PASS">
          <reporter-output>
          </reporter-output>
        </test-method> <!-- verifyInvalidEmailAndPassword -->
        <test-method is-config="true" signature="tearDown()[pri:0, instance:com.ninjaproject.qa.test.Login@46d59067]" started-at="2024-09-25T17:18:38 IST" name="tearDown" finished-at="2024-09-25T17:18:38 IST" duration-ms="211" status="PASS">
          <reporter-output>
          </reporter-output>
        </test-method> <!-- tearDown -->
        <test-method is-config="true" signature="setup()[pri:0, instance:com.ninjaproject.qa.test.Login@46d59067]" started-at="2024-09-25T17:18:38 IST" name="setup" finished-at="2024-09-25T17:18:42 IST" duration-ms="4595" status="PASS">
          <reporter-output>
          </reporter-output>
        </test-method> <!-- setup -->
        <test-method signature="verifyLogout()[pri:3, instance:com.ninjaproject.qa.test.Login@46d59067]" started-at="2024-09-25T17:18:42 IST" name="verifyLogout" finished-at="2024-09-25T17:18:45 IST" duration-ms="2631" status="PASS">
          <reporter-output>
          </reporter-output>
        </test-method> <!-- verifyLogout -->
        <test-method is-config="true" signature="tearDown()[pri:0, instance:com.ninjaproject.qa.test.Login@46d59067]" started-at="2024-09-25T17:18:45 IST" name="tearDown" finished-at="2024-09-25T17:18:45 IST" duration-ms="227" status="PASS">
          <reporter-output>
          </reporter-output>
        </test-method> <!-- tearDown -->
      </class> <!-- com.ninjaproject.qa.test.Login -->
    </test> <!-- Test Suit -->
  </suite> <!-- Automation Suite -->
</testng-results>
